  [1m[35m (9.9ms)[0m  [1m[34mSELECT GET_LOCK('5298940562774962950', 0)[0m
  [1m[35m (0.5ms)[0m  [1m[34mSELECT `schema_migrations`.`version` FROM `schema_migrations` ORDER BY `schema_migrations`.`version` ASC[0m
Migrating to AddRememberDigestToUsers (20211227074540)
  [1m[35m (669.9ms)[0m  [1m[35mALTER TABLE `users` ADD `remember_digest` varchar(255)[0m
  [1m[36mTRANSACTION (0.6ms)[0m  [1m[35mBEGIN[0m
  [1m[36mActiveRecord::SchemaMigration Create (0.9ms)[0m  [1m[32mINSERT INTO `schema_migrations` (`version`) VALUES ('20211227074540')[0m
  [1m[36mTRANSACTION (174.7ms)[0m  [1m[35mCOMMIT[0m
  [1m[36mActiveRecord::InternalMetadata Load (111.3ms)[0m  [1m[34mSELECT `ar_internal_metadata`.* FROM `ar_internal_metadata` WHERE `ar_internal_metadata`.`key` = 'environment' LIMIT 1[0m
  [1m[35m (0.7ms)[0m  [1m[34mSELECT RELEASE_LOCK('5298940562774962950')[0m
  [1m[35m (1.1ms)[0m  [1m[34mSELECT `schema_migrations`.`version` FROM `schema_migrations` ORDER BY `schema_migrations`.`version` ASC[0m
  [1m[35m (0.3ms)[0m  [1m[34mSELECT `schema_migrations`.`version` FROM `schema_migrations` ORDER BY `schema_migrations`.`version` ASC[0m
  [1m[35m (0.3ms)[0m  [1m[34mSELECT `ar_internal_metadata`.`value` FROM `ar_internal_metadata` WHERE `ar_internal_metadata`.`key` = 'environment'[0m
  [1m[35m (0.2ms)[0m  [1m[34mSELECT `schema_migrations`.`version` FROM `schema_migrations` ORDER BY `schema_migrations`.`version` ASC[0m
  [1m[35m (0.2ms)[0m  [1m[34mSELECT `ar_internal_metadata`.`value` FROM `ar_internal_metadata` WHERE `ar_internal_metadata`.`key` = 'environment'[0m
  [1m[35m (0.2ms)[0m  [1m[34mSELECT `schema_migrations`.`version` FROM `schema_migrations` ORDER BY `schema_migrations`.`version` ASC[0m
  [1m[35m (0.2ms)[0m  [1m[34mSELECT `ar_internal_metadata`.`value` FROM `ar_internal_metadata` WHERE `ar_internal_metadata`.`key` = 'environment'[0m
  [1m[35m (1872.0ms)[0m  [1m[35mDROP DATABASE IF EXISTS `sample_app`[0m
  [1m[35m (241.8ms)[0m  [1m[35mCREATE DATABASE `sample_app` DEFAULT CHARACTER SET `utf8`[0m
  [1m[35m (1.9ms)[0m  [1m[35mCREATE DATABASE `sample_app` DEFAULT CHARACTER SET `utf8`[0m
  [1m[35m (855.1ms)[0m  [1m[35mCREATE TABLE `schema_migrations` (`version` varchar(255) NOT NULL PRIMARY KEY)[0m
  [1m[35m (713.9ms)[0m  [1m[35mCREATE TABLE `ar_internal_metadata` (`key` varchar(255) NOT NULL PRIMARY KEY, `value` varchar(255), `created_at` datetime(6) NOT NULL, `updated_at` datetime(6) NOT NULL)[0m
  [1m[35m (0.7ms)[0m  [1m[34mSELECT GET_LOCK('5298940562774962950', 0)[0m
  [1m[35m (3.2ms)[0m  [1m[34mSELECT `schema_migrations`.`version` FROM `schema_migrations` ORDER BY `schema_migrations`.`version` ASC[0m
Migrating to CreateUsers (20211220074122)
  [1m[35m (761.8ms)[0m  [1m[35mCREATE TABLE `users` (`id` bigint NOT NULL AUTO_INCREMENT PRIMARY KEY, `name` varchar(255), `email` varchar(255), `created_at` datetime(6) NOT NULL, `updated_at` datetime(6) NOT NULL)[0m
  [1m[36mTRANSACTION (0.5ms)[0m  [1m[35mBEGIN[0m
  [1m[36mActiveRecord::SchemaMigration Create (0.9ms)[0m  [1m[32mINSERT INTO `schema_migrations` (`version`) VALUES ('20211220074122')[0m
  [1m[36mTRANSACTION (126.9ms)[0m  [1m[35mCOMMIT[0m
Migrating to AddIndexToUsersEmail (20211220082846)
  [1m[35m (662.5ms)[0m  [1m[35mCREATE UNIQUE INDEX `index_users_on_email` ON `users` (`email`)[0m
  [1m[36mTRANSACTION (0.5ms)[0m  [1m[35mBEGIN[0m
  [1m[36mActiveRecord::SchemaMigration Create (0.7ms)[0m  [1m[32mINSERT INTO `schema_migrations` (`version`) VALUES ('20211220082846')[0m
  [1m[36mTRANSACTION (135.1ms)[0m  [1m[35mCOMMIT[0m
Migrating to AddPasswordDigestToUsers (20211220083516)
  [1m[35m (636.1ms)[0m  [1m[35mALTER TABLE `users` ADD `password_digest` varchar(255)[0m
  [1m[36mTRANSACTION (0.5ms)[0m  [1m[35mBEGIN[0m
  [1m[36mActiveRecord::SchemaMigration Create (0.7ms)[0m  [1m[32mINSERT INTO `schema_migrations` (`version`) VALUES ('20211220083516')[0m
  [1m[36mTRANSACTION (138.5ms)[0m  [1m[35mCOMMIT[0m
Migrating to AddRememberDigestToUsers (20211227074540)
  [1m[35m (631.5ms)[0m  [1m[35mALTER TABLE `users` ADD `remember_digest` varchar(255)[0m
  [1m[36mTRANSACTION (0.6ms)[0m  [1m[35mBEGIN[0m
  [1m[36mActiveRecord::SchemaMigration Create (0.9ms)[0m  [1m[32mINSERT INTO `schema_migrations` (`version`) VALUES ('20211227074540')[0m
  [1m[36mTRANSACTION (98.1ms)[0m  [1m[35mCOMMIT[0m
  [1m[36mActiveRecord::InternalMetadata Load (2.8ms)[0m  [1m[34mSELECT `ar_internal_metadata`.* FROM `ar_internal_metadata` WHERE `ar_internal_metadata`.`key` = 'environment' LIMIT 1[0m
  [1m[36mTRANSACTION (0.5ms)[0m  [1m[35mBEGIN[0m
  [1m[36mActiveRecord::InternalMetadata Create (0.8ms)[0m  [1m[32mINSERT INTO `ar_internal_metadata` (`key`, `value`, `created_at`, `updated_at`) VALUES ('environment', 'development', '2021-12-27 08:00:23.588212', '2021-12-27 08:00:23.588212')[0m
  [1m[36mTRANSACTION (122.5ms)[0m  [1m[35mCOMMIT[0m
  [1m[35m (0.7ms)[0m  [1m[34mSELECT RELEASE_LOCK('5298940562774962950')[0m
  [1m[35m (0.9ms)[0m  [1m[34mSELECT `schema_migrations`.`version` FROM `schema_migrations` ORDER BY `schema_migrations`.`version` ASC[0m
Started GET "/" for 127.0.0.1 at 2021-12-27 15:11:44 +0700
  [1m[35m (0.7ms)[0m  [1m[34mSELECT `schema_migrations`.`version` FROM `schema_migrations` ORDER BY `schema_migrations`.`version` ASC[0m
Processing by StaticPagesController#home as HTML
  Rendering layout layouts/application.html.erb
  Rendering static_pages/home.html.erb within layouts/application
  Rendered static_pages/home.html.erb within layouts/application (Duration: 859.5ms | Allocations: 30551)
[Webpacker] Everything's up-to-date. Nothing to do
  Rendered layouts/_rails_default.html.erb (Duration: 56.8ms | Allocations: 7721)
  Rendered layouts/_shim.html.erb (Duration: 0.2ms | Allocations: 112)
  Rendered layouts/_header.html.erb (Duration: 3.2ms | Allocations: 1289)
  Rendered layouts/_footer.html.erb (Duration: 1.1ms | Allocations: 511)
  Rendered layout layouts/application.html.erb (Duration: 926.0ms | Allocations: 41458)
Completed 200 OK in 1011ms (Views: 928.5ms | ActiveRecord: 0.0ms | Allocations: 132187)


Started GET "/en/login" for 127.0.0.1 at 2021-12-27 15:11:47 +0700
Processing by SessionsController#new as HTML
  Parameters: {"locale"=>"en"}
  Rendering layout layouts/application.html.erb
  Rendering sessions/new.html.erb within layouts/application
  Rendered sessions/new.html.erb within layouts/application (Duration: 31.3ms | Allocations: 1170)
[Webpacker] Everything's up-to-date. Nothing to do
  Rendered layouts/_rails_default.html.erb (Duration: 13.4ms | Allocations: 7200)
  Rendered layouts/_shim.html.erb (Duration: 0.1ms | Allocations: 38)
  Rendered layouts/_header.html.erb (Duration: 1.6ms | Allocations: 481)
  Rendered layouts/_footer.html.erb (Duration: 1.4ms | Allocations: 238)
  Rendered layout layouts/application.html.erb (Duration: 49.4ms | Allocations: 9655)
Completed 200 OK in 59ms (Views: 53.4ms | ActiveRecord: 0.0ms | Allocations: 11117)


Started POST "/en/login" for 127.0.0.1 at 2021-12-27 15:11:55 +0700
Processing by SessionsController#create as HTML
  Parameters: {"authenticity_token"=>"[FILTERED]", "session"=>{"email"=>"aaaa@gmail.com", "password"=>"[FILTERED]"}, "commit"=>"Log in", "locale"=>"en"}
  [1m[36mUser Load (1.3ms)[0m  [1m[34mSELECT `users`.* FROM `users` WHERE `users`.`email` = 'aaaa@gmail.com' LIMIT 1[0m
  ↳ app/controllers/sessions_controller.rb:5:in `create'
  Rendering layout layouts/application.html.erb
  Rendering sessions/new.html.erb within layouts/application
  Rendered sessions/new.html.erb within layouts/application (Duration: 1.6ms | Allocations: 506)
[Webpacker] Everything's up-to-date. Nothing to do
  Rendered layouts/_rails_default.html.erb (Duration: 17.0ms | Allocations: 7204)
  Rendered layouts/_shim.html.erb (Duration: 0.1ms | Allocations: 38)
  Rendered layouts/_header.html.erb (Duration: 1.2ms | Allocations: 502)
  Rendered layouts/_footer.html.erb (Duration: 1.0ms | Allocations: 236)
  Rendered layout layouts/application.html.erb (Duration: 21.9ms | Allocations: 8984)
Completed 200 OK in 272ms (Views: 23.2ms | ActiveRecord: 6.7ms | Allocations: 17136)


Started GET "/en/login" for 127.0.0.1 at 2021-12-27 15:14:32 +0700
Processing by SessionsController#new as HTML
  Parameters: {"locale"=>"en"}
  Rendering layout layouts/application.html.erb
  Rendering sessions/new.html.erb within layouts/application
  Rendered sessions/new.html.erb within layouts/application (Duration: 1.1ms | Allocations: 579)
[Webpacker] Everything's up-to-date. Nothing to do
  Rendered layouts/_rails_default.html.erb (Duration: 8.4ms | Allocations: 7179)
  Rendered layouts/_shim.html.erb (Duration: 0.1ms | Allocations: 38)
  Rendered layouts/_header.html.erb (Duration: 1.5ms | Allocations: 933)
  Rendered layouts/_footer.html.erb (Duration: 0.6ms | Allocations: 299)
  Rendered layout layouts/application.html.erb (Duration: 13.1ms | Allocations: 9488)
Completed 200 OK in 80ms (Views: 13.9ms | ActiveRecord: 0.0ms | Allocations: 96412)


Started POST "/en/login" for 127.0.0.1 at 2021-12-27 15:14:36 +0700
Processing by SessionsController#create as HTML
  Parameters: {"authenticity_token"=>"[FILTERED]", "session"=>{"email"=>"aaaa@gmail.com", "password"=>"[FILTERED]"}, "commit"=>"Log in", "locale"=>"en"}
  [1m[36mUser Load (1.6ms)[0m  [1m[34mSELECT `users`.* FROM `users` WHERE `users`.`email` = 'aaaa@gmail.com' LIMIT 1[0m
  ↳ app/controllers/sessions_controller.rb:5:in `create'
Completed 500 Internal Server Error in 250ms (ActiveRecord: 9.8ms | Allocations: 10817)



NoMethodError (undefined method `remember_token=' for #<User:0x00007f839021cb70>
Did you mean?  remember):

app/models/user.rb:32:in `remember'
app/helpers/sessions_helper.rb:7:in `remember'
app/controllers/sessions_controller.rb:9:in `create'
Started POST "/en/login" for 127.0.0.1 at 2021-12-27 15:15:54 +0700
Processing by SessionsController#create as HTML
  Parameters: {"authenticity_token"=>"[FILTERED]", "session"=>{"email"=>"aaaa@gmail.com", "password"=>"[FILTERED]"}, "commit"=>"Log in", "locale"=>"en"}
  [1m[36mUser Load (0.8ms)[0m  [1m[34mSELECT `users`.* FROM `users` WHERE `users`.`email` = 'aaaa@gmail.com' LIMIT 1[0m
  ↳ app/controllers/sessions_controller.rb:5:in `create'
  [1m[36mTRANSACTION (0.8ms)[0m  [1m[35mBEGIN[0m
  ↳ app/models/user.rb:34:in `remember'
  [1m[36mUser Update (1.0ms)[0m  [1m[33mUPDATE `users` SET `users`.`updated_at` = '2021-12-27 08:15:54.742033', `users`.`remember_digest` = '$2a$12$xPUi96k.0c3ehOD2JSmXtupNvN6./VYfmv0D6VD2iNoHAhw2nnWve' WHERE `users`.`id` = 1[0m
  ↳ app/models/user.rb:34:in `remember'
  [1m[36mTRANSACTION (94.7ms)[0m  [1m[35mCOMMIT[0m
  ↳ app/models/user.rb:34:in `remember'
Redirected to http://127.0.0.1:3000/en/users/1
Completed 302 Found in 544ms (ActiveRecord: 101.5ms | Allocations: 11259)


Started GET "/en/users/1" for 127.0.0.1 at 2021-12-27 15:15:54 +0700
Processing by UsersController#show as HTML
  Parameters: {"locale"=>"en", "id"=>"1"}
  [1m[36mUser Load (0.8ms)[0m  [1m[34mSELECT `users`.* FROM `users` WHERE `users`.`id` = 1 LIMIT 1[0m
  ↳ app/controllers/users_controller.rb:3:in `show'
  Rendering layout layouts/application.html.erb
  Rendering users/show.html.erb within layouts/application
  Rendered users/show.html.erb within layouts/application (Duration: 0.4ms | Allocations: 189)
[Webpacker] Everything's up-to-date. Nothing to do
  Rendered layouts/_rails_default.html.erb (Duration: 6.1ms | Allocations: 7309)
  Rendered layouts/_shim.html.erb (Duration: 0.1ms | Allocations: 38)
  [1m[36mCACHE User Load (0.0ms)[0m  [1m[34mSELECT `users`.* FROM `users` WHERE `users`.`id` = 1 LIMIT 1[0m
  ↳ app/helpers/sessions_helper.rb:14:in `current_user'
  Rendered layouts/_header.html.erb (Duration: 2.7ms | Allocations: 1479)
  Rendered layouts/_footer.html.erb (Duration: 0.7ms | Allocations: 298)
  Rendered layout layouts/application.html.erb (Duration: 11.2ms | Allocations: 9780)
Completed 200 OK in 16ms (Views: 12.1ms | ActiveRecord: 0.8ms | Allocations: 12198)


Started GET "/en/users/1" for 127.0.0.1 at 2021-12-27 15:18:57 +0700
Processing by UsersController#show as HTML
  Parameters: {"locale"=>"en", "id"=>"1"}
  [1m[36mUser Load (0.8ms)[0m  [1m[34mSELECT `users`.* FROM `users` WHERE `users`.`id` = 1 LIMIT 1[0m
  ↳ app/controllers/users_controller.rb:3:in `show'
  Rendering layout layouts/application.html.erb
  Rendering users/show.html.erb within layouts/application
  Rendered users/show.html.erb within layouts/application (Duration: 0.5ms | Allocations: 191)
[Webpacker] Everything's up-to-date. Nothing to do
  Rendered layouts/_rails_default.html.erb (Duration: 12.7ms | Allocations: 7423)
  Rendered layouts/_shim.html.erb (Duration: 0.3ms | Allocations: 110)
  [1m[36mCACHE User Load (0.0ms)[0m  [1m[34mSELECT `users`.* FROM `users` WHERE `users`.`id` = 1 LIMIT 1[0m
  ↳ app/helpers/sessions_helper.rb:14:in `current_user'
  Rendered layouts/_header.html.erb (Duration: 2.9ms | Allocations: 1779)
  Rendered layouts/_footer.html.erb (Duration: 0.7ms | Allocations: 475)
  Rendered layout layouts/application.html.erb (Duration: 19.3ms | Allocations: 11223)
Completed 200 OK in 77ms (Views: 20.4ms | ActiveRecord: 5.2ms | Allocations: 105087)


Started DELETE "/en/logout" for 127.0.0.1 at 2021-12-27 15:18:58 +0700
Processing by SessionsController#destroy as HTML
  Parameters: {"authenticity_token"=>"[FILTERED]", "locale"=>"en"}
  [1m[36mUser Load (2.2ms)[0m  [1m[34mSELECT `users`.* FROM `users` WHERE `users`.`id` = 1 LIMIT 1[0m
  ↳ app/helpers/sessions_helper.rb:14:in `current_user'
  [1m[36mTRANSACTION (1.8ms)[0m  [1m[35mBEGIN[0m
  ↳ app/models/user.rb:44:in `forget'
  [1m[36mUser Update (1.9ms)[0m  [1m[33mUPDATE `users` SET `users`.`updated_at` = '2021-12-27 08:18:58.618845', `users`.`remember_digest` = NULL WHERE `users`.`id` = 1[0m
  ↳ app/models/user.rb:44:in `forget'
  [1m[36mTRANSACTION (103.6ms)[0m  [1m[35mCOMMIT[0m
  ↳ app/models/user.rb:44:in `forget'
Redirected to http://127.0.0.1:3000/en
Completed 302 Found in 123ms (ActiveRecord: 109.5ms | Allocations: 5198)


Started GET "/en" for 127.0.0.1 at 2021-12-27 15:18:58 +0700
Processing by StaticPagesController#home as HTML
  Parameters: {"locale"=>"en"}
  Rendering layout layouts/application.html.erb
  Rendering static_pages/home.html.erb within layouts/application
  Rendered static_pages/home.html.erb within layouts/application (Duration: 3.4ms | Allocations: 1172)
[Webpacker] Everything's up-to-date. Nothing to do
  Rendered layouts/_rails_default.html.erb (Duration: 8.4ms | Allocations: 7051)
  Rendered layouts/_shim.html.erb (Duration: 0.1ms | Allocations: 38)
  Rendered layouts/_header.html.erb (Duration: 0.9ms | Allocations: 510)
  Rendered layouts/_footer.html.erb (Duration: 0.4ms | Allocations: 237)
  Rendered layout layouts/application.html.erb (Duration: 14.5ms | Allocations: 9456)
Completed 200 OK in 19ms (Views: 16.1ms | ActiveRecord: 0.0ms | Allocations: 10832)


Started GET "/en/login" for 127.0.0.1 at 2021-12-27 15:18:59 +0700
Processing by SessionsController#new as HTML
  Parameters: {"locale"=>"en"}
  Rendering layout layouts/application.html.erb
  Rendering sessions/new.html.erb within layouts/application
  Rendered sessions/new.html.erb within layouts/application (Duration: 17.9ms | Allocations: 1462)
[Webpacker] Everything's up-to-date. Nothing to do
  Rendered layouts/_rails_default.html.erb (Duration: 12.5ms | Allocations: 7197)
  Rendered layouts/_shim.html.erb (Duration: 0.2ms | Allocations: 38)
  Rendered layouts/_header.html.erb (Duration: 1.4ms | Allocations: 479)
  Rendered layouts/_footer.html.erb (Duration: 0.9ms | Allocations: 238)
  Rendered layout layouts/application.html.erb (Duration: 35.2ms | Allocations: 9864)
Completed 200 OK in 43ms (Views: 37.5ms | ActiveRecord: 0.0ms | Allocations: 11736)


Started GET "/en/login" for 127.0.0.1 at 2021-12-27 15:19:26 +0700
Processing by SessionsController#new as HTML
  Parameters: {"locale"=>"en"}
  Rendering layout layouts/application.html.erb
  Rendering sessions/new.html.erb within layouts/application
  Rendered sessions/new.html.erb within layouts/application (Duration: 1.9ms | Allocations: 931)
[Webpacker] Everything's up-to-date. Nothing to do
  Rendered layouts/_rails_default.html.erb (Duration: 8.0ms | Allocations: 7333)
  Rendered layouts/_shim.html.erb (Duration: 0.3ms | Allocations: 107)
  Rendered layouts/_header.html.erb (Duration: 1.1ms | Allocations: 758)
  Rendered layouts/_footer.html.erb (Duration: 0.8ms | Allocations: 413)
  Rendered layout layouts/application.html.erb (Duration: 15.4ms | Allocations: 10764)
Completed 200 OK in 19ms (Views: 17.1ms | ActiveRecord: 0.0ms | Allocations: 12349)


Started GET "/en/login" for 127.0.0.1 at 2021-12-27 15:20:49 +0700
Processing by SessionsController#new as HTML
  Parameters: {"locale"=>"en"}
  Rendering layout layouts/application.html.erb
  Rendering sessions/new.html.erb within layouts/application
  Rendered sessions/new.html.erb within layouts/application (Duration: 7.8ms | Allocations: 928)
[Webpacker] Everything's up-to-date. Nothing to do
  Rendered layouts/_rails_default.html.erb (Duration: 569.8ms | Allocations: 64711)
  Rendered layouts/_shim.html.erb (Duration: 0.2ms | Allocations: 108)
  Rendered layouts/_header.html.erb (Duration: 1.3ms | Allocations: 760)
  Rendered layouts/_footer.html.erb (Duration: 0.7ms | Allocations: 414)
  Rendered layout layouts/application.html.erb (Duration: 582.9ms | Allocations: 68157)
Completed 200 OK in 589ms (Views: 585.2ms | ActiveRecord: 0.0ms | Allocations: 69744)


Started GET "/en/login" for 127.0.0.1 at 2021-12-27 15:22:05 +0700
Processing by SessionsController#new as HTML
  Parameters: {"locale"=>"en"}
  Rendering layout layouts/application.html.erb
  Rendering sessions/new.html.erb within layouts/application
  Rendered sessions/new.html.erb within layouts/application (Duration: 1.5ms | Allocations: 673)
[Webpacker] Everything's up-to-date. Nothing to do
  Rendered layouts/_rails_default.html.erb (Duration: 6.9ms | Allocations: 7325)
  Rendered layouts/_shim.html.erb (Duration: 0.1ms | Allocations: 38)
  Rendered layouts/_header.html.erb (Duration: 1.3ms | Allocations: 933)
  Rendered layouts/_footer.html.erb (Duration: 0.5ms | Allocations: 298)
  Rendered layout layouts/application.html.erb (Duration: 11.7ms | Allocations: 9722)
Completed 200 OK in 14ms (Views: 12.5ms | ActiveRecord: 0.0ms | Allocations: 10798)


Started GET "/en/login" for 127.0.0.1 at 2021-12-27 15:22:07 +0700
Processing by SessionsController#new as HTML
  Parameters: {"locale"=>"en"}
  Rendering layout layouts/application.html.erb
  Rendering sessions/new.html.erb within layouts/application
  Rendered sessions/new.html.erb within layouts/application (Duration: 3.7ms | Allocations: 605)
[Webpacker] Everything's up-to-date. Nothing to do
  Rendered layouts/_rails_default.html.erb (Duration: 15.5ms | Allocations: 7195)
  Rendered layouts/_shim.html.erb (Duration: 0.1ms | Allocations: 38)
  Rendered layouts/_header.html.erb (Duration: 1.1ms | Allocations: 470)
  Rendered layouts/_footer.html.erb (Duration: 0.7ms | Allocations: 236)
  Rendered layout layouts/application.html.erb (Duration: 23.3ms | Allocations: 8991)
Completed 200 OK in 29ms (Views: 24.4ms | ActiveRecord: 0.0ms | Allocations: 9866)


Started GET "/en/signup" for 127.0.0.1 at 2021-12-27 15:22:08 +0700
Processing by UsersController#new as HTML
  Parameters: {"locale"=>"en"}
  Rendering layout layouts/application.html.erb
  Rendering users/new.html.erb within layouts/application
  Rendered shared/_error_messages.html.erb (Duration: 0.4ms | Allocations: 219)
  Rendered users/new.html.erb within layouts/application (Duration: 3.2ms | Allocations: 1493)
[Webpacker] Everything's up-to-date. Nothing to do
  Rendered layouts/_rails_default.html.erb (Duration: 6.8ms | Allocations: 7195)
  Rendered layouts/_shim.html.erb (Duration: 0.1ms | Allocations: 38)
  Rendered layouts/_header.html.erb (Duration: 0.9ms | Allocations: 501)
  Rendered layouts/_footer.html.erb (Duration: 0.4ms | Allocations: 238)
  Rendered layout layouts/application.html.erb (Duration: 12.6ms | Allocations: 9913)
Completed 200 OK in 37ms (Views: 13.9ms | ActiveRecord: 8.0ms | Allocations: 16666)


Started GET "/en/login" for 127.0.0.1 at 2021-12-27 15:22:09 +0700
Processing by SessionsController#new as HTML
  Parameters: {"locale"=>"en"}
  Rendering layout layouts/application.html.erb
  Rendering sessions/new.html.erb within layouts/application
  Rendered sessions/new.html.erb within layouts/application (Duration: 3.7ms | Allocations: 612)
[Webpacker] Everything's up-to-date. Nothing to do
  Rendered layouts/_rails_default.html.erb (Duration: 14.9ms | Allocations: 7196)
  Rendered layouts/_shim.html.erb (Duration: 0.2ms | Allocations: 38)
  Rendered layouts/_header.html.erb (Duration: 1.7ms | Allocations: 479)
  Rendered layouts/_footer.html.erb (Duration: 0.6ms | Allocations: 238)
  Rendered layout layouts/application.html.erb (Duration: 23.4ms | Allocations: 9011)
Completed 200 OK in 29ms (Views: 24.6ms | ActiveRecord: 0.0ms | Allocations: 9890)


Started POST "/en/login" for 127.0.0.1 at 2021-12-27 15:22:13 +0700
Processing by SessionsController#create as HTML
  Parameters: {"authenticity_token"=>"[FILTERED]", "session"=>{"email"=>"aaaa@gmail.com", "password"=>"[FILTERED]", "remember_me"=>"1"}, "commit"=>"Log in", "locale"=>"en"}
  [1m[36mUser Load (3.9ms)[0m  [1m[34mSELECT `users`.* FROM `users` WHERE `users`.`email` = 'aaaa@gmail.com' LIMIT 1[0m
  ↳ app/controllers/sessions_controller.rb:5:in `create'
  [1m[36mTRANSACTION (0.9ms)[0m  [1m[35mBEGIN[0m
  ↳ app/models/user.rb:34:in `remember'
  [1m[36mUser Update (1.3ms)[0m  [1m[33mUPDATE `users` SET `users`.`updated_at` = '2021-12-27 08:22:13.808443', `users`.`remember_digest` = '$2a$12$kx/FeyXc.3V7jqdyOdXPa.busyTvVdGsD/7JuoRXqhIRjqSQRrHJC' WHERE `users`.`id` = 1[0m
  ↳ app/models/user.rb:34:in `remember'
  [1m[36mTRANSACTION (100.2ms)[0m  [1m[35mCOMMIT[0m
  ↳ app/models/user.rb:34:in `remember'
Redirected to http://127.0.0.1:3000/en/users/1
Completed 302 Found in 579ms (ActiveRecord: 106.3ms | Allocations: 5606)


Started GET "/en/users/1" for 127.0.0.1 at 2021-12-27 15:22:13 +0700
Processing by UsersController#show as HTML
  Parameters: {"locale"=>"en", "id"=>"1"}
  [1m[36mUser Load (1.6ms)[0m  [1m[34mSELECT `users`.* FROM `users` WHERE `users`.`id` = 1 LIMIT 1[0m
  ↳ app/controllers/users_controller.rb:3:in `show'
  Rendering layout layouts/application.html.erb
  Rendering users/show.html.erb within layouts/application
  Rendered users/show.html.erb within layouts/application (Duration: 0.5ms | Allocations: 185)
[Webpacker] Everything's up-to-date. Nothing to do
  Rendered layouts/_rails_default.html.erb (Duration: 7.9ms | Allocations: 7200)
  Rendered layouts/_shim.html.erb (Duration: 0.1ms | Allocations: 38)
  [1m[36mCACHE User Load (0.0ms)[0m  [1m[34mSELECT `users`.* FROM `users` WHERE `users`.`id` = 1 LIMIT 1[0m
  ↳ app/helpers/sessions_helper.rb:14:in `current_user'
  Rendered layouts/_header.html.erb (Duration: 2.1ms | Allocations: 1020)
  Rendered layouts/_footer.html.erb (Duration: 0.5ms | Allocations: 238)
  Rendered layout layouts/application.html.erb (Duration: 12.5ms | Allocations: 9140)
Completed 200 OK in 18ms (Views: 13.0ms | ActiveRecord: 1.6ms | Allocations: 11170)


Started DELETE "/en/logout" for 127.0.0.1 at 2021-12-27 15:22:19 +0700
Processing by SessionsController#destroy as HTML
  Parameters: {"authenticity_token"=>"[FILTERED]", "locale"=>"en"}
  [1m[36mUser Load (3.5ms)[0m  [1m[34mSELECT `users`.* FROM `users` WHERE `users`.`id` = 1 LIMIT 1[0m
  ↳ app/helpers/sessions_helper.rb:14:in `current_user'
  [1m[36mTRANSACTION (2.9ms)[0m  [1m[35mBEGIN[0m
  ↳ app/models/user.rb:44:in `forget'
  [1m[36mUser Update (2.6ms)[0m  [1m[33mUPDATE `users` SET `users`.`updated_at` = '2021-12-27 08:22:19.142181', `users`.`remember_digest` = NULL WHERE `users`.`id` = 1[0m
  ↳ app/models/user.rb:44:in `forget'
  [1m[36mTRANSACTION (161.4ms)[0m  [1m[35mCOMMIT[0m
  ↳ app/models/user.rb:44:in `forget'
Redirected to http://127.0.0.1:3000/en
Completed 302 Found in 188ms (ActiveRecord: 170.4ms | Allocations: 5150)


Started GET "/en" for 127.0.0.1 at 2021-12-27 15:22:19 +0700
Processing by StaticPagesController#home as HTML
  Parameters: {"locale"=>"en"}
  Rendering layout layouts/application.html.erb
  Rendering static_pages/home.html.erb within layouts/application
  Rendered static_pages/home.html.erb within layouts/application (Duration: 3.4ms | Allocations: 1148)
[Webpacker] Everything's up-to-date. Nothing to do
  Rendered layouts/_rails_default.html.erb (Duration: 8.5ms | Allocations: 7152)
  Rendered layouts/_shim.html.erb (Duration: 0.1ms | Allocations: 38)
  Rendered layouts/_header.html.erb (Duration: 0.9ms | Allocations: 480)
  Rendered layouts/_footer.html.erb (Duration: 0.4ms | Allocations: 237)
  Rendered layout layouts/application.html.erb (Duration: 14.5ms | Allocations: 9511)
Completed 200 OK in 19ms (Views: 16.4ms | ActiveRecord: 0.0ms | Allocations: 10903)


Started GET "/en/login" for 127.0.0.1 at 2021-12-27 15:22:19 +0700
Processing by SessionsController#new as HTML
  Parameters: {"locale"=>"en"}
  Rendering layout layouts/application.html.erb
  Rendering sessions/new.html.erb within layouts/application
  Rendered sessions/new.html.erb within layouts/application (Duration: 3.3ms | Allocations: 613)
[Webpacker] Everything's up-to-date. Nothing to do
  Rendered layouts/_rails_default.html.erb (Duration: 13.3ms | Allocations: 7285)
  Rendered layouts/_shim.html.erb (Duration: 0.1ms | Allocations: 38)
  Rendered layouts/_header.html.erb (Duration: 0.9ms | Allocations: 479)
  Rendered layouts/_footer.html.erb (Duration: 0.4ms | Allocations: 238)
  Rendered layout layouts/application.html.erb (Duration: 20.0ms | Allocations: 9113)
Completed 200 OK in 28ms (Views: 21.1ms | ActiveRecord: 0.0ms | Allocations: 10028)


Started GET "/en/login" for 127.0.0.1 at 2021-12-27 15:22:26 +0700
Processing by SessionsController#new as HTML
  Parameters: {"locale"=>"en"}
  Rendering layout layouts/application.html.erb
  Rendering sessions/new.html.erb within layouts/application
  Rendered sessions/new.html.erb within layouts/application (Duration: 1.7ms | Allocations: 605)
[Webpacker] Everything's up-to-date. Nothing to do
  Rendered layouts/_rails_default.html.erb (Duration: 10.0ms | Allocations: 7195)
  Rendered layouts/_shim.html.erb (Duration: 0.1ms | Allocations: 38)
  Rendered layouts/_header.html.erb (Duration: 1.2ms | Allocations: 470)
  Rendered layouts/_footer.html.erb (Duration: 0.5ms | Allocations: 236)
  Rendered layout layouts/application.html.erb (Duration: 15.0ms | Allocations: 8991)
Completed 200 OK in 17ms (Views: 15.7ms | ActiveRecord: 0.0ms | Allocations: 9869)


Started POST "/en/login" for 127.0.0.1 at 2021-12-27 15:22:28 +0700
Processing by SessionsController#create as HTML
  Parameters: {"authenticity_token"=>"[FILTERED]", "session"=>{"email"=>"aaaa@gmail.com", "password"=>"[FILTERED]", "remember_me"=>"0"}, "commit"=>"Log in", "locale"=>"en"}
  [1m[36mUser Load (1.0ms)[0m  [1m[34mSELECT `users`.* FROM `users` WHERE `users`.`email` = 'aaaa@gmail.com' LIMIT 1[0m
  ↳ app/controllers/sessions_controller.rb:5:in `create'
  Rendering layout layouts/application.html.erb
  Rendering sessions/new.html.erb within layouts/application
  Rendered sessions/new.html.erb within layouts/application (Duration: 0.9ms | Allocations: 600)
[Webpacker] Everything's up-to-date. Nothing to do
  Rendered layouts/_rails_default.html.erb (Duration: 5.9ms | Allocations: 7201)
  Rendered layouts/_shim.html.erb (Duration: 0.1ms | Allocations: 38)
  Rendered layouts/_header.html.erb (Duration: 0.7ms | Allocations: 500)
  Rendered layouts/_footer.html.erb (Duration: 0.4ms | Allocations: 236)
  Rendered layout layouts/application.html.erb (Duration: 9.1ms | Allocations: 9076)
Completed 200 OK in 236ms (Views: 9.5ms | ActiveRecord: 1.0ms | Allocations: 10977)


Started POST "/en/login" for 127.0.0.1 at 2021-12-27 15:22:42 +0700
Processing by SessionsController#create as HTML
  Parameters: {"authenticity_token"=>"[FILTERED]", "session"=>{"email"=>"aaaa@gmail.com", "password"=>"[FILTERED]", "remember_me"=>"1"}, "commit"=>"Log in", "locale"=>"en"}
  [1m[36mUser Load (3.5ms)[0m  [1m[34mSELECT `users`.* FROM `users` WHERE `users`.`email` = 'aaaa@gmail.com' LIMIT 1[0m
  ↳ app/controllers/sessions_controller.rb:5:in `create'
  [1m[36mTRANSACTION (0.9ms)[0m  [1m[35mBEGIN[0m
  ↳ app/models/user.rb:34:in `remember'
  [1m[36mUser Update (1.0ms)[0m  [1m[33mUPDATE `users` SET `users`.`updated_at` = '2021-12-27 08:22:42.982068', `users`.`remember_digest` = '$2a$12$IBFz2aJEWhRcw1lHJRuGOO5hMdf8oJ/vvERL2YwOsKIGqGGdDM3PC' WHERE `users`.`id` = 1[0m
  ↳ app/models/user.rb:34:in `remember'
  [1m[36mTRANSACTION (186.5ms)[0m  [1m[35mCOMMIT[0m
  ↳ app/models/user.rb:34:in `remember'
Redirected to http://127.0.0.1:3000/en/users/1
Completed 302 Found in 630ms (ActiveRecord: 191.9ms | Allocations: 5352)


Started GET "/en/users/1" for 127.0.0.1 at 2021-12-27 15:22:43 +0700
Processing by UsersController#show as HTML
  Parameters: {"locale"=>"en", "id"=>"1"}
  [1m[36mUser Load (2.2ms)[0m  [1m[34mSELECT `users`.* FROM `users` WHERE `users`.`id` = 1 LIMIT 1[0m
  ↳ app/controllers/users_controller.rb:3:in `show'
  Rendering layout layouts/application.html.erb
  Rendering users/show.html.erb within layouts/application
  Rendered users/show.html.erb within layouts/application (Duration: 0.3ms | Allocations: 68)
[Webpacker] Everything's up-to-date. Nothing to do
  Rendered layouts/_rails_default.html.erb (Duration: 10.9ms | Allocations: 7199)
  Rendered layouts/_shim.html.erb (Duration: 0.1ms | Allocations: 38)
  [1m[36mCACHE User Load (0.0ms)[0m  [1m[34mSELECT `users`.* FROM `users` WHERE `users`.`id` = 1 LIMIT 1[0m
  ↳ app/helpers/sessions_helper.rb:14:in `current_user'
  Rendered layouts/_header.html.erb (Duration: 2.7ms | Allocations: 878)
  Rendered layouts/_footer.html.erb (Duration: 0.7ms | Allocations: 238)
  Rendered layout layouts/application.html.erb (Duration: 16.5ms | Allocations: 8880)
Completed 200 OK in 25ms (Views: 17.2ms | ActiveRecord: 2.3ms | Allocations: 10669)


Started GET "/" for 127.0.0.1 at 2021-12-27 15:22:53 +0700
Processing by StaticPagesController#home as HTML
  Rendering layout layouts/application.html.erb
  Rendering static_pages/home.html.erb within layouts/application
  Rendered static_pages/home.html.erb within layouts/application (Duration: 2.1ms | Allocations: 978)
[Webpacker] Everything's up-to-date. Nothing to do
  Rendered layouts/_rails_default.html.erb (Duration: 6.9ms | Allocations: 7082)
  Rendered layouts/_shim.html.erb (Duration: 0.1ms | Allocations: 38)
  [1m[36mUser Load (1.1ms)[0m  [1m[34mSELECT `users`.* FROM `users` WHERE `users`.`id` = 1 LIMIT 1[0m
  ↳ app/helpers/sessions_helper.rb:14:in `current_user'
  Rendered layouts/_header.html.erb (Duration: 2.7ms | Allocations: 1595)
  Rendered layouts/_footer.html.erb (Duration: 0.3ms | Allocations: 235)
  Rendered layout layouts/application.html.erb (Duration: 13.3ms | Allocations: 10367)
Completed 200 OK in 15ms (Views: 12.7ms | ActiveRecord: 1.1ms | Allocations: 11246)


Started GET "/" for 127.0.0.1 at 2021-12-27 15:22:53 +0700
Processing by StaticPagesController#home as HTML
  Rendering layout layouts/application.html.erb
  Rendering static_pages/home.html.erb within layouts/application
  Rendered static_pages/home.html.erb within layouts/application (Duration: 2.9ms | Allocations: 982)
[Webpacker] Everything's up-to-date. Nothing to do
  Rendered layouts/_rails_default.html.erb (Duration: 8.4ms | Allocations: 7193)
  Rendered layouts/_shim.html.erb (Duration: 0.1ms | Allocations: 38)
  [1m[36mUser Load (1.1ms)[0m  [1m[34mSELECT `users`.* FROM `users` WHERE `users`.`id` = 1 LIMIT 1[0m
  ↳ app/helpers/sessions_helper.rb:14:in `current_user'
  Rendered layouts/_header.html.erb (Duration: 2.7ms | Allocations: 1594)
  Rendered layouts/_footer.html.erb (Duration: 0.4ms | Allocations: 235)
  Rendered layout layouts/application.html.erb (Duration: 15.7ms | Allocations: 10485)
Completed 200 OK in 23ms (Views: 15.3ms | ActiveRecord: 1.1ms | Allocations: 11365)


Started DELETE "/en/logout" for 127.0.0.1 at 2021-12-27 15:22:59 +0700
Processing by SessionsController#destroy as HTML
  Parameters: {"authenticity_token"=>"[FILTERED]", "locale"=>"en"}
  [1m[36mUser Load (2.2ms)[0m  [1m[34mSELECT `users`.* FROM `users` WHERE `users`.`id` = 1 LIMIT 1[0m
  ↳ app/helpers/sessions_helper.rb:14:in `current_user'
  [1m[36mTRANSACTION (1.8ms)[0m  [1m[35mBEGIN[0m
  ↳ app/models/user.rb:44:in `forget'
  [1m[36mUser Update (2.0ms)[0m  [1m[33mUPDATE `users` SET `users`.`updated_at` = '2021-12-27 08:22:59.049561', `users`.`remember_digest` = NULL WHERE `users`.`id` = 1[0m
  ↳ app/models/user.rb:44:in `forget'
  [1m[36mTRANSACTION (110.4ms)[0m  [1m[35mCOMMIT[0m
  ↳ app/models/user.rb:44:in `forget'
Redirected to http://127.0.0.1:3000/en
Completed 302 Found in 130ms (ActiveRecord: 116.4ms | Allocations: 5143)


Started GET "/en" for 127.0.0.1 at 2021-12-27 15:22:59 +0700
Processing by StaticPagesController#home as HTML
  Parameters: {"locale"=>"en"}
  Rendering layout layouts/application.html.erb
  Rendering static_pages/home.html.erb within layouts/application
  Rendered static_pages/home.html.erb within layouts/application (Duration: 4.1ms | Allocations: 978)
[Webpacker] Everything's up-to-date. Nothing to do
  Rendered layouts/_rails_default.html.erb (Duration: 12.2ms | Allocations: 7184)
  Rendered layouts/_shim.html.erb (Duration: 0.1ms | Allocations: 38)
  Rendered layouts/_header.html.erb (Duration: 1.2ms | Allocations: 470)
  Rendered layouts/_footer.html.erb (Duration: 0.6ms | Allocations: 235)
  Rendered layout layouts/application.html.erb (Duration: 20.3ms | Allocations: 9352)
Completed 200 OK in 26ms (Views: 21.4ms | ActiveRecord: 0.0ms | Allocations: 10228)


Started DELETE "/en/logout" for 127.0.0.1 at 2021-12-27 15:23:01 +0700
Processing by SessionsController#destroy as HTML
  Parameters: {"authenticity_token"=>"[FILTERED]", "locale"=>"en"}
Redirected to http://127.0.0.1:3000/en
Completed 302 Found in 3ms (ActiveRecord: 0.0ms | Allocations: 805)


Started GET "/en" for 127.0.0.1 at 2021-12-27 15:23:01 +0700
Processing by StaticPagesController#home as HTML
  Parameters: {"locale"=>"en"}
  Rendering layout layouts/application.html.erb
  Rendering static_pages/home.html.erb within layouts/application
  Rendered static_pages/home.html.erb within layouts/application (Duration: 2.1ms | Allocations: 978)
[Webpacker] Everything's up-to-date. Nothing to do
  Rendered layouts/_rails_default.html.erb (Duration: 10.2ms | Allocations: 7082)
  Rendered layouts/_shim.html.erb (Duration: 0.1ms | Allocations: 38)
  Rendered layouts/_header.html.erb (Duration: 1.0ms | Allocations: 470)
  Rendered layouts/_footer.html.erb (Duration: 0.4ms | Allocations: 235)
  Rendered layout layouts/application.html.erb (Duration: 15.2ms | Allocations: 9250)
Completed 200 OK in 17ms (Views: 15.8ms | ActiveRecord: 0.0ms | Allocations: 10125)


Started GET "/" for 127.0.0.1 at 2021-12-27 15:23:12 +0700
Processing by StaticPagesController#home as HTML
  Rendering layout layouts/application.html.erb
  Rendering static_pages/home.html.erb within layouts/application
  Rendered static_pages/home.html.erb within layouts/application (Duration: 2.4ms | Allocations: 976)
[Webpacker] Everything's up-to-date. Nothing to do
  Rendered layouts/_rails_default.html.erb (Duration: 8.3ms | Allocations: 7082)
  Rendered layouts/_shim.html.erb (Duration: 0.1ms | Allocations: 38)
  Rendered layouts/_header.html.erb (Duration: 0.9ms | Allocations: 470)
  Rendered layouts/_footer.html.erb (Duration: 0.7ms | Allocations: 235)
  Rendered layout layouts/application.html.erb (Duration: 13.9ms | Allocations: 9240)
Completed 200 OK in 17ms (Views: 14.6ms | ActiveRecord: 0.0ms | Allocations: 10118)


Started GET "/en/login" for 127.0.0.1 at 2021-12-27 15:23:17 +0700
Processing by SessionsController#new as HTML
  Parameters: {"locale"=>"en"}
  Rendering layout layouts/application.html.erb
  Rendering sessions/new.html.erb within layouts/application
  Rendered sessions/new.html.erb within layouts/application (Duration: 4.9ms | Allocations: 606)
[Webpacker] Everything's up-to-date. Nothing to do
  Rendered layouts/_rails_default.html.erb (Duration: 13.4ms | Allocations: 7284)
  Rendered layouts/_shim.html.erb (Duration: 0.1ms | Allocations: 38)
  Rendered layouts/_header.html.erb (Duration: 1.2ms | Allocations: 470)
  Rendered layouts/_footer.html.erb (Duration: 0.4ms | Allocations: 236)
  Rendered layout layouts/application.html.erb (Duration: 22.4ms | Allocations: 9093)
Completed 200 OK in 32ms (Views: 23.7ms | ActiveRecord: 0.0ms | Allocations: 10417)


Started POST "/en/login" for 127.0.0.1 at 2021-12-27 15:23:20 +0700
Processing by SessionsController#create as HTML
  Parameters: {"authenticity_token"=>"[FILTERED]", "session"=>{"email"=>"aaaa@gmail.com", "password"=>"[FILTERED]", "remember_me"=>"0"}, "commit"=>"Log in", "locale"=>"en"}
  [1m[36mUser Load (1.2ms)[0m  [1m[34mSELECT `users`.* FROM `users` WHERE `users`.`email` = 'aaaa@gmail.com' LIMIT 1[0m
  ↳ app/controllers/sessions_controller.rb:5:in `create'
Redirected to http://127.0.0.1:3000/en/users/1
Completed 302 Found in 227ms (ActiveRecord: 1.2ms | Allocations: 1893)


Started GET "/en/users/1" for 127.0.0.1 at 2021-12-27 15:23:21 +0700
Processing by UsersController#show as HTML
  Parameters: {"locale"=>"en", "id"=>"1"}
  [1m[36mUser Load (0.9ms)[0m  [1m[34mSELECT `users`.* FROM `users` WHERE `users`.`id` = 1 LIMIT 1[0m
  ↳ app/controllers/users_controller.rb:3:in `show'
  Rendering layout layouts/application.html.erb
  Rendering users/show.html.erb within layouts/application
  Rendered users/show.html.erb within layouts/application (Duration: 0.2ms | Allocations: 67)
[Webpacker] Everything's up-to-date. Nothing to do
  Rendered layouts/_rails_default.html.erb (Duration: 6.4ms | Allocations: 7196)
  Rendered layouts/_shim.html.erb (Duration: 0.1ms | Allocations: 38)
  [1m[36mCACHE User Load (0.0ms)[0m  [1m[34mSELECT `users`.* FROM `users` WHERE `users`.`id` = 1 LIMIT 1[0m
  ↳ app/helpers/sessions_helper.rb:14:in `current_user'
  Rendered layouts/_header.html.erb (Duration: 4.1ms | Allocations: 866)
  Rendered layouts/_footer.html.erb (Duration: 0.3ms | Allocations: 236)
  Rendered layout layouts/application.html.erb (Duration: 12.2ms | Allocations: 8865)
Completed 200 OK in 15ms (Views: 12.6ms | ActiveRecord: 0.9ms | Allocations: 10655)


Started GET "/" for 127.0.0.1 at 2021-12-27 15:23:24 +0700
Processing by StaticPagesController#home as HTML
  Rendering layout layouts/application.html.erb
  Rendering static_pages/home.html.erb within layouts/application
  Rendered static_pages/home.html.erb within layouts/application (Duration: 2.2ms | Allocations: 981)
[Webpacker] Everything's up-to-date. Nothing to do
  Rendered layouts/_rails_default.html.erb (Duration: 9.6ms | Allocations: 7187)
  Rendered layouts/_shim.html.erb (Duration: 0.1ms | Allocations: 38)
  [1m[36mUser Load (1.1ms)[0m  [1m[34mSELECT `users`.* FROM `users` WHERE `users`.`id` = 1 LIMIT 1[0m
  ↳ app/helpers/sessions_helper.rb:14:in `current_user'
  Rendered layouts/_header.html.erb (Duration: 2.9ms | Allocations: 1593)
  Rendered layouts/_footer.html.erb (Duration: 0.4ms | Allocations: 235)
  Rendered layout layouts/application.html.erb (Duration: 16.6ms | Allocations: 10473)
Completed 200 OK in 19ms (Views: 16.0ms | ActiveRecord: 1.1ms | Allocations: 11367)


Started GET "/" for 127.0.0.1 at 2021-12-27 15:23:43 +0700
Processing by StaticPagesController#home as HTML
  Rendering layout layouts/application.html.erb
  Rendering static_pages/home.html.erb within layouts/application
  Rendered static_pages/home.html.erb within layouts/application (Duration: 1.9ms | Allocations: 976)
[Webpacker] Everything's up-to-date. Nothing to do
  Rendered layouts/_rails_default.html.erb (Duration: 6.2ms | Allocations: 7096)
  Rendered layouts/_shim.html.erb (Duration: 0.1ms | Allocations: 38)
  Rendered layouts/_header.html.erb (Duration: 0.9ms | Allocations: 470)
  Rendered layouts/_footer.html.erb (Duration: 0.4ms | Allocations: 235)
  Rendered layout layouts/application.html.erb (Duration: 10.7ms | Allocations: 9254)
Completed 200 OK in 12ms (Views: 11.2ms | ActiveRecord: 0.0ms | Allocations: 10080)


Started GET "/" for 127.0.0.1 at 2021-12-27 15:23:44 +0700
Processing by StaticPagesController#home as HTML
  Rendering layout layouts/application.html.erb
  Rendering static_pages/home.html.erb within layouts/application
  Rendered static_pages/home.html.erb within layouts/application (Duration: 2.2ms | Allocations: 978)
[Webpacker] Everything's up-to-date. Nothing to do
  Rendered layouts/_rails_default.html.erb (Duration: 9.0ms | Allocations: 7082)
  Rendered layouts/_shim.html.erb (Duration: 0.1ms | Allocations: 38)
  Rendered layouts/_header.html.erb (Duration: 0.7ms | Allocations: 470)
  Rendered layouts/_footer.html.erb (Duration: 0.5ms | Allocations: 235)
  Rendered layout layouts/application.html.erb (Duration: 13.9ms | Allocations: 9242)
Completed 200 OK in 16ms (Views: 14.6ms | ActiveRecord: 0.0ms | Allocations: 10119)


Started GET "/en/users/1" for 127.0.0.1 at 2021-12-27 15:23:52 +0700
Processing by UsersController#show as HTML
  Parameters: {"locale"=>"en", "id"=>"1"}
  [1m[36mUser Load (1.3ms)[0m  [1m[34mSELECT `users`.* FROM `users` WHERE `users`.`id` = 1 LIMIT 1[0m
  ↳ app/controllers/users_controller.rb:3:in `show'
  Rendering layout layouts/application.html.erb
  Rendering users/show.html.erb within layouts/application
  Rendered users/show.html.erb within layouts/application (Duration: 0.2ms | Allocations: 67)
[Webpacker] Everything's up-to-date. Nothing to do
  Rendered layouts/_rails_default.html.erb (Duration: 11.3ms | Allocations: 7196)
  Rendered layouts/_shim.html.erb (Duration: 0.1ms | Allocations: 38)
  Rendered layouts/_header.html.erb (Duration: 1.3ms | Allocations: 497)
  Rendered layouts/_footer.html.erb (Duration: 0.8ms | Allocations: 236)
  Rendered layout layouts/application.html.erb (Duration: 15.5ms | Allocations: 8492)
Completed 200 OK in 21ms (Views: 16.2ms | ActiveRecord: 1.3ms | Allocations: 10279)


Started GET "/en/login" for 127.0.0.1 at 2021-12-27 15:24:53 +0700
Processing by SessionsController#new as HTML
  Parameters: {"locale"=>"en"}
  Rendering layout layouts/application.html.erb
  Rendering sessions/new.html.erb within layouts/application
  Rendered sessions/new.html.erb within layouts/application (Duration: 1.2ms | Allocations: 674)
[Webpacker] Everything's up-to-date. Nothing to do
  Rendered layouts/_rails_default.html.erb (Duration: 6.3ms | Allocations: 7175)
  Rendered layouts/_shim.html.erb (Duration: 0.1ms | Allocations: 38)
  Rendered layouts/_header.html.erb (Duration: 3.9ms | Allocations: 930)
  Rendered layouts/_footer.html.erb (Duration: 0.5ms | Allocations: 298)
  Rendered layout layouts/application.html.erb (Duration: 13.0ms | Allocations: 9571)
Completed 200 OK in 15ms (Views: 13.6ms | ActiveRecord: 0.0ms | Allocations: 10628)


Started GET "/en" for 127.0.0.1 at 2021-12-27 15:24:55 +0700
Processing by StaticPagesController#home as HTML
  Parameters: {"locale"=>"en"}
  Rendering layout layouts/application.html.erb
  Rendering static_pages/home.html.erb within layouts/application
  Rendered static_pages/home.html.erb within layouts/application (Duration: 3.5ms | Allocations: 1084)
[Webpacker] Everything's up-to-date. Nothing to do
  Rendered layouts/_rails_default.html.erb (Duration: 12.7ms | Allocations: 7050)
  Rendered layouts/_shim.html.erb (Duration: 0.1ms | Allocations: 38)
  Rendered layouts/_header.html.erb (Duration: 1.0ms | Allocations: 480)
  Rendered layouts/_footer.html.erb (Duration: 0.6ms | Allocations: 237)
  Rendered layout layouts/application.html.erb (Duration: 19.8ms | Allocations: 9341)
Completed 200 OK in 24ms (Views: 21.1ms | ActiveRecord: 0.0ms | Allocations: 10384)


Started GET "/en/signup" for 127.0.0.1 at 2021-12-27 15:24:57 +0700
Processing by UsersController#new as HTML
  Parameters: {"locale"=>"en"}
  Rendering layout layouts/application.html.erb
  Rendering users/new.html.erb within layouts/application
  Rendered shared/_error_messages.html.erb (Duration: 0.4ms | Allocations: 42)
  Rendered users/new.html.erb within layouts/application (Duration: 6.9ms | Allocations: 826)
[Webpacker] Everything's up-to-date. Nothing to do
  Rendered layouts/_rails_default.html.erb (Duration: 18.7ms | Allocations: 7394)
  Rendered layouts/_shim.html.erb (Duration: 0.1ms | Allocations: 38)
  Rendered layouts/_header.html.erb (Duration: 1.9ms | Allocations: 499)
  Rendered layouts/_footer.html.erb (Duration: 0.8ms | Allocations: 238)
  Rendered layout layouts/application.html.erb (Duration: 31.6ms | Allocations: 9464)
Completed 200 OK in 97ms (Views: 34.0ms | ActiveRecord: 22.6ms | Allocations: 16246)


Started GET "/en/login" for 127.0.0.1 at 2021-12-27 15:25:00 +0700
Processing by SessionsController#new as HTML
  Parameters: {"locale"=>"en"}
  Rendering layout layouts/application.html.erb
  Rendering sessions/new.html.erb within layouts/application
  Rendered sessions/new.html.erb within layouts/application (Duration: 4.1ms | Allocations: 605)
[Webpacker] Everything's up-to-date. Nothing to do
  Rendered layouts/_rails_default.html.erb (Duration: 15.1ms | Allocations: 7195)
  Rendered layouts/_shim.html.erb (Duration: 0.1ms | Allocations: 38)
  Rendered layouts/_header.html.erb (Duration: 1.2ms | Allocations: 470)
  Rendered layouts/_footer.html.erb (Duration: 1.1ms | Allocations: 236)
  Rendered layout layouts/application.html.erb (Duration: 24.4ms | Allocations: 8991)
Completed 200 OK in 31ms (Views: 25.7ms | ActiveRecord: 0.0ms | Allocations: 9869)


Started POST "/en/login" for 127.0.0.1 at 2021-12-27 15:25:08 +0700
Processing by SessionsController#create as HTML
  Parameters: {"authenticity_token"=>"[FILTERED]", "session"=>{"email"=>"aaaa@gmail.com", "password"=>"[FILTERED]", "remember_me"=>"0"}, "commit"=>"Log in", "locale"=>"en"}
  [1m[36mUser Load (1.3ms)[0m  [1m[34mSELECT `users`.* FROM `users` WHERE `users`.`email` = 'aaaa@gmail.com' LIMIT 1[0m
  ↳ app/controllers/sessions_controller.rb:5:in `create'
Redirected to http://127.0.0.1:3000/en/users/1
Completed 302 Found in 226ms (ActiveRecord: 1.3ms | Allocations: 2111)


Started GET "/en/users/1" for 127.0.0.1 at 2021-12-27 15:25:08 +0700
Processing by UsersController#show as HTML
  Parameters: {"locale"=>"en", "id"=>"1"}
  [1m[36mUser Load (0.8ms)[0m  [1m[34mSELECT `users`.* FROM `users` WHERE `users`.`id` = 1 LIMIT 1[0m
  ↳ app/controllers/users_controller.rb:3:in `show'
  Rendering layout layouts/application.html.erb
  Rendering users/show.html.erb within layouts/application
  Rendered users/show.html.erb within layouts/application (Duration: 0.2ms | Allocations: 68)
[Webpacker] Everything's up-to-date. Nothing to do
  Rendered layouts/_rails_default.html.erb (Duration: 5.9ms | Allocations: 7196)
  Rendered layouts/_shim.html.erb (Duration: 0.1ms | Allocations: 38)
  [1m[36mCACHE User Load (0.0ms)[0m  [1m[34mSELECT `users`.* FROM `users` WHERE `users`.`id` = 1 LIMIT 1[0m
  ↳ app/helpers/sessions_helper.rb:14:in `current_user'
  Rendered layouts/_header.html.erb (Duration: 2.0ms | Allocations: 1009)
  Rendered layouts/_footer.html.erb (Duration: 0.4ms | Allocations: 236)
  Rendered layout layouts/application.html.erb (Duration: 9.8ms | Allocations: 9005)
Completed 200 OK in 13ms (Views: 10.2ms | ActiveRecord: 0.8ms | Allocations: 10908)


Started DELETE "/en/logout" for 127.0.0.1 at 2021-12-27 15:25:12 +0700
Processing by SessionsController#destroy as HTML
  Parameters: {"authenticity_token"=>"[FILTERED]", "locale"=>"en"}
  [1m[36mUser Load (3.1ms)[0m  [1m[34mSELECT `users`.* FROM `users` WHERE `users`.`id` = 1 LIMIT 1[0m
  ↳ app/helpers/sessions_helper.rb:14:in `current_user'
Redirected to http://127.0.0.1:3000/en
Completed 302 Found in 12ms (ActiveRecord: 3.1ms | Allocations: 1830)


Started GET "/en" for 127.0.0.1 at 2021-12-27 15:25:12 +0700
Processing by StaticPagesController#home as HTML
  Parameters: {"locale"=>"en"}
  Rendering layout layouts/application.html.erb
  Rendering static_pages/home.html.erb within layouts/application
  Rendered static_pages/home.html.erb within layouts/application (Duration: 2.2ms | Allocations: 978)
[Webpacker] Everything's up-to-date. Nothing to do
  Rendered layouts/_rails_default.html.erb (Duration: 7.6ms | Allocations: 7082)
  Rendered layouts/_shim.html.erb (Duration: 0.1ms | Allocations: 38)
  Rendered layouts/_header.html.erb (Duration: 0.9ms | Allocations: 470)
  Rendered layouts/_footer.html.erb (Duration: 0.5ms | Allocations: 235)
  Rendered layout layouts/application.html.erb (Duration: 12.6ms | Allocations: 9250)
Completed 200 OK in 15ms (Views: 13.1ms | ActiveRecord: 0.0ms | Allocations: 10126)


Started GET "/en/login" for 127.0.0.1 at 2021-12-27 15:25:13 +0700
Processing by SessionsController#new as HTML
  Parameters: {"locale"=>"en"}
  Rendering layout layouts/application.html.erb
  Rendering sessions/new.html.erb within layouts/application
  Rendered sessions/new.html.erb within layouts/application (Duration: 4.9ms | Allocations: 606)
[Webpacker] Everything's up-to-date. Nothing to do
  Rendered layouts/_rails_default.html.erb (Duration: 24.6ms | Allocations: 7303)
  Rendered layouts/_shim.html.erb (Duration: 0.1ms | Allocations: 38)
  Rendered layouts/_header.html.erb (Duration: 1.5ms | Allocations: 470)
  Rendered layouts/_footer.html.erb (Duration: 0.7ms | Allocations: 236)
  Rendered layout layouts/application.html.erb (Duration: 34.7ms | Allocations: 9108)
Completed 200 OK in 41ms (Views: 36.3ms | ActiveRecord: 0.0ms | Allocations: 10003)


Started POST "/en/login" for 127.0.0.1 at 2021-12-27 15:25:19 +0700
Processing by SessionsController#create as HTML
  Parameters: {"authenticity_token"=>"[FILTERED]", "session"=>{"email"=>"aaaa@gmail.com", "password"=>"[FILTERED]", "remember_me"=>"1"}, "commit"=>"Log in", "locale"=>"en"}
  [1m[36mUser Load (3.1ms)[0m  [1m[34mSELECT `users`.* FROM `users` WHERE `users`.`email` = 'aaaa@gmail.com' LIMIT 1[0m
  ↳ app/controllers/sessions_controller.rb:5:in `create'
  [1m[36mTRANSACTION (0.9ms)[0m  [1m[35mBEGIN[0m
  ↳ app/models/user.rb:34:in `remember'
  [1m[36mUser Exists? (1.0ms)[0m  [1m[34mSELECT 1 AS one FROM `users` WHERE `users`.`email` = 'aaaa@gmail.com' AND `users`.`id` != 1 LIMIT 1[0m
  ↳ app/models/user.rb:34:in `remember'
  [1m[36mUser Update (1.1ms)[0m  [1m[33mUPDATE `users` SET `users`.`updated_at` = '2021-12-27 08:25:19.944493', `users`.`remember_digest` = '$2a$12$9iNl20upNDsz9/tlf5kequuKaoXlAiEXwtNRCy5qKDRhHKC8txqa6' WHERE `users`.`id` = 1[0m
  ↳ app/models/user.rb:34:in `remember'
  [1m[36mTRANSACTION (108.1ms)[0m  [1m[35mCOMMIT[0m
  ↳ app/models/user.rb:34:in `remember'
Redirected to http://127.0.0.1:3000/en/users/1
Completed 302 Found in 569ms (ActiveRecord: 114.2ms | Allocations: 7308)


Started GET "/en/users/1" for 127.0.0.1 at 2021-12-27 15:25:20 +0700
Processing by UsersController#show as HTML
  Parameters: {"locale"=>"en", "id"=>"1"}
  [1m[36mUser Load (2.8ms)[0m  [1m[34mSELECT `users`.* FROM `users` WHERE `users`.`id` = 1 LIMIT 1[0m
  ↳ app/controllers/users_controller.rb:3:in `show'
  Rendering layout layouts/application.html.erb
  Rendering users/show.html.erb within layouts/application
  Rendered users/show.html.erb within layouts/application (Duration: 0.5ms | Allocations: 67)
[Webpacker] Everything's up-to-date. Nothing to do
  Rendered layouts/_rails_default.html.erb (Duration: 15.1ms | Allocations: 7304)
  Rendered layouts/_shim.html.erb (Duration: 0.1ms | Allocations: 38)
  [1m[36mCACHE User Load (0.0ms)[0m  [1m[34mSELECT `users`.* FROM `users` WHERE `users`.`id` = 1 LIMIT 1[0m
  ↳ app/helpers/sessions_helper.rb:14:in `current_user'
  Rendered layouts/_header.html.erb (Duration: 2.2ms | Allocations: 866)
  Rendered layouts/_footer.html.erb (Duration: 0.7ms | Allocations: 236)
  Rendered layout layouts/application.html.erb (Duration: 20.5ms | Allocations: 8969)
Completed 200 OK in 31ms (Views: 21.5ms | ActiveRecord: 2.8ms | Allocations: 10759)


Started GET "/" for 127.0.0.1 at 2021-12-27 15:25:47 +0700
Processing by StaticPagesController#home as HTML
  Rendering layout layouts/application.html.erb
  Rendering static_pages/home.html.erb within layouts/application
  Rendered static_pages/home.html.erb within layouts/application (Duration: 1.9ms | Allocations: 978)
[Webpacker] Everything's up-to-date. Nothing to do
  Rendered layouts/_rails_default.html.erb (Duration: 9.6ms | Allocations: 7184)
  Rendered layouts/_shim.html.erb (Duration: 0.1ms | Allocations: 38)
  [1m[36mUser Load (1.9ms)[0m  [1m[34mSELECT `users`.* FROM `users` WHERE `users`.`id` = 1 LIMIT 1[0m
  ↳ app/helpers/sessions_helper.rb:14:in `current_user'
  Rendered layouts/_header.html.erb (Duration: 4.7ms | Allocations: 1595)
  Rendered layouts/_footer.html.erb (Duration: 0.8ms | Allocations: 235)
  Rendered layout layouts/application.html.erb (Duration: 20.0ms | Allocations: 10469)
Completed 200 OK in 22ms (Views: 18.6ms | ActiveRecord: 1.9ms | Allocations: 11348)


Started GET "/" for 127.0.0.1 at 2021-12-27 15:26:12 +0700
Processing by StaticPagesController#home as HTML
  Rendering layout layouts/application.html.erb
  Rendering static_pages/home.html.erb within layouts/application
  Rendered static_pages/home.html.erb within layouts/application (Duration: 2.2ms | Allocations: 976)
[Webpacker] Everything's up-to-date. Nothing to do
  Rendered layouts/_rails_default.html.erb (Duration: 7.5ms | Allocations: 7094)
  Rendered layouts/_shim.html.erb (Duration: 0.1ms | Allocations: 38)
  Rendered layouts/_header.html.erb (Duration: 0.7ms | Allocations: 470)
  Rendered layouts/_footer.html.erb (Duration: 0.4ms | Allocations: 235)
  Rendered layout layouts/application.html.erb (Duration: 11.9ms | Allocations: 9252)
Completed 200 OK in 14ms (Views: 12.5ms | ActiveRecord: 0.0ms | Allocations: 10077)


Started GET "/users/1" for 127.0.0.1 at 2021-12-27 15:26:21 +0700
Processing by UsersController#show as HTML
  Parameters: {"id"=>"1"}
  [1m[36mUser Load (1.0ms)[0m  [1m[34mSELECT `users`.* FROM `users` WHERE `users`.`id` = 1 LIMIT 1[0m
  ↳ app/controllers/users_controller.rb:3:in `show'
  Rendering layout layouts/application.html.erb
  Rendering users/show.html.erb within layouts/application
  Rendered users/show.html.erb within layouts/application (Duration: 0.2ms | Allocations: 67)
[Webpacker] Everything's up-to-date. Nothing to do
  Rendered layouts/_rails_default.html.erb (Duration: 13.0ms | Allocations: 7196)
  Rendered layouts/_shim.html.erb (Duration: 0.1ms | Allocations: 38)
  Rendered layouts/_header.html.erb (Duration: 1.0ms | Allocations: 494)
  Rendered layouts/_footer.html.erb (Duration: 0.4ms | Allocations: 236)
  Rendered layout layouts/application.html.erb (Duration: 16.9ms | Allocations: 8482)
Completed 200 OK in 21ms (Views: 17.4ms | ActiveRecord: 1.0ms | Allocations: 10272)


Started DELETE "/en/logout" for 127.0.0.1 at 2021-12-27 15:26:34 +0700
Processing by SessionsController#destroy as HTML
  Parameters: {"authenticity_token"=>"[FILTERED]", "locale"=>"en"}
  [1m[36mUser Load (1.9ms)[0m  [1m[34mSELECT `users`.* FROM `users` WHERE `users`.`id` = 1 LIMIT 1[0m
  ↳ app/helpers/sessions_helper.rb:14:in `current_user'
  [1m[36mTRANSACTION (1.8ms)[0m  [1m[35mBEGIN[0m
  ↳ app/models/user.rb:44:in `forget'
  [1m[36mUser Update (1.4ms)[0m  [1m[33mUPDATE `users` SET `users`.`updated_at` = '2021-12-27 08:26:34.284641', `users`.`remember_digest` = NULL WHERE `users`.`id` = 1[0m
  ↳ app/models/user.rb:44:in `forget'
  [1m[36mTRANSACTION (109.9ms)[0m  [1m[35mCOMMIT[0m
  ↳ app/models/user.rb:44:in `forget'
Redirected to http://127.0.0.1:3000/en
Completed 302 Found in 126ms (ActiveRecord: 115.0ms | Allocations: 5156)


Started GET "/en" for 127.0.0.1 at 2021-12-27 15:26:34 +0700
Processing by StaticPagesController#home as HTML
  Parameters: {"locale"=>"en"}
  Rendering layout layouts/application.html.erb
  Rendering static_pages/home.html.erb within layouts/application
  Rendered static_pages/home.html.erb within layouts/application (Duration: 5.8ms | Allocations: 981)
[Webpacker] Everything's up-to-date. Nothing to do
  Rendered layouts/_rails_default.html.erb (Duration: 13.3ms | Allocations: 7187)
  Rendered layouts/_shim.html.erb (Duration: 0.1ms | Allocations: 38)
  Rendered layouts/_header.html.erb (Duration: 1.6ms | Allocations: 470)
  Rendered layouts/_footer.html.erb (Duration: 0.8ms | Allocations: 235)
  Rendered layout layouts/application.html.erb (Duration: 24.1ms | Allocations: 9366)
Completed 200 OK in 30ms (Views: 25.2ms | ActiveRecord: 0.0ms | Allocations: 10242)


Started GET "/users/1" for 127.0.0.1 at 2021-12-27 15:26:40 +0700
Processing by UsersController#show as HTML
  Parameters: {"id"=>"1"}
  [1m[36mUser Load (1.4ms)[0m  [1m[34mSELECT `users`.* FROM `users` WHERE `users`.`id` = 1 LIMIT 1[0m
  ↳ app/controllers/users_controller.rb:3:in `show'
  Rendering layout layouts/application.html.erb
  Rendering users/show.html.erb within layouts/application
  Rendered users/show.html.erb within layouts/application (Duration: 0.2ms | Allocations: 67)
[Webpacker] Everything's up-to-date. Nothing to do
  Rendered layouts/_rails_default.html.erb (Duration: 9.2ms | Allocations: 7304)
  Rendered layouts/_shim.html.erb (Duration: 0.1ms | Allocations: 38)
  Rendered layouts/_header.html.erb (Duration: 0.8ms | Allocations: 494)
  Rendered layouts/_footer.html.erb (Duration: 0.4ms | Allocations: 236)
  Rendered layout layouts/application.html.erb (Duration: 12.0ms | Allocations: 8590)
Completed 200 OK in 17ms (Views: 12.6ms | ActiveRecord: 1.4ms | Allocations: 10394)


Started GET "/en" for 127.0.0.1 at 2021-12-27 16:47:49 +0700
Processing by StaticPagesController#home as HTML
  Parameters: {"locale"=>"en"}
  Rendering layout layouts/application.html.erb
  Rendering static_pages/home.html.erb within layouts/application
  Rendered static_pages/home.html.erb within layouts/application (Duration: 1.8ms | Allocations: 1019)
[Webpacker] Everything's up-to-date. Nothing to do
  Rendered layouts/_rails_default.html.erb (Duration: 6.5ms | Allocations: 7152)
  Rendered layouts/_shim.html.erb (Duration: 0.1ms | Allocations: 38)
  Rendered layouts/_header.html.erb (Duration: 1.2ms | Allocations: 961)
  Rendered layouts/_footer.html.erb (Duration: 0.5ms | Allocations: 297)
  Rendered layout layouts/application.html.erb (Duration: 11.2ms | Allocations: 9923)
Completed 200 OK in 13ms (Views: 11.9ms | Allocations: 10994)
Started GET "/en" for 127.0.0.1 at 2021-12-28 13:39:00 +0700
  [1m[35m (0.6ms)[0m  [1m[34mSELECT `schema_migrations`.`version` FROM `schema_migrations` ORDER BY `schema_migrations`.`version` ASC[0m
Processing by StaticPagesController#home as HTML
  Parameters: {"locale"=>"en"}
  Rendering layout layouts/application.html.erb
  Rendering static_pages/home.html.erb within layouts/application
  Rendered static_pages/home.html.erb within layouts/application (Duration: 690.3ms | Allocations: 68585)
[Webpacker] Everything's up-to-date. Nothing to do
  Rendered layouts/_rails_default.html.erb (Duration: 73.8ms | Allocations: 22106)
  Rendered layouts/_shim.html.erb (Duration: 0.2ms | Allocations: 109)
  [1m[36mUser Load (1.8ms)[0m  [1m[34mSELECT `users`.* FROM `users` WHERE `users`.`id` = 1 LIMIT 1[0m
  ↳ app/helpers/sessions_helper.rb:14:in `current_user'
  Rendered layouts/_header.html.erb (Duration: 39.4ms | Allocations: 9558)
  Rendered layouts/_footer.html.erb (Duration: 1.1ms | Allocations: 514)
  Rendered layout layouts/application.html.erb (Duration: 808.9ms | Allocations: 102159)
Completed 200 OK in 879ms (Views: 801.6ms | ActiveRecord: 8.9ms | Allocations: 193553)


